mode: set
crm-backend/internal/automation/conditions.go:12.69,13.41 1 1
crm-backend/internal/automation/conditions.go:13.41,16.3 1 1
crm-backend/internal/automation/conditions.go:19.2,19.23 1 1
crm-backend/internal/automation/conditions.go:19.23,21.3 1 0
crm-backend/internal/automation/conditions.go:23.2,23.27 1 1
crm-backend/internal/automation/conditions.go:23.27,25.3 1 1
crm-backend/internal/automation/conditions.go:27.2,27.35 1 1
crm-backend/internal/automation/conditions.go:28.13,29.36 1 1
crm-backend/internal/automation/conditions.go:29.36,30.32 1 1
crm-backend/internal/automation/conditions.go:30.32,32.5 1 1
crm-backend/internal/automation/conditions.go:34.3,34.14 1 1
crm-backend/internal/automation/conditions.go:35.12,36.36 1 1
crm-backend/internal/automation/conditions.go:36.36,37.31 1 1
crm-backend/internal/automation/conditions.go:37.31,39.5 1 1
crm-backend/internal/automation/conditions.go:41.3,41.15 1 1
crm-backend/internal/automation/conditions.go:42.10,44.36 2 0
crm-backend/internal/automation/conditions.go:44.36,45.32 1 0
crm-backend/internal/automation/conditions.go:45.32,47.5 1 0
crm-backend/internal/automation/conditions.go:49.3,49.14 1 0
crm-backend/internal/automation/conditions.go:54.61,55.20 1 1
crm-backend/internal/automation/conditions.go:55.20,62.3 2 1
crm-backend/internal/automation/conditions.go:64.2,64.65 1 1
crm-backend/internal/automation/conditions.go:68.76,71.47 2 1
crm-backend/internal/automation/conditions.go:71.47,72.33 1 1
crm-backend/internal/automation/conditions.go:72.33,74.4 1 0
crm-backend/internal/automation/conditions.go:75.3,75.15 1 1
crm-backend/internal/automation/conditions.go:78.2,78.18 1 1
crm-backend/internal/automation/conditions.go:79.12,80.39 1 1
crm-backend/internal/automation/conditions.go:81.13,82.40 1 1
crm-backend/internal/automation/conditions.go:83.12,84.45 1 1
crm-backend/internal/automation/conditions.go:85.13,86.46 1 1
crm-backend/internal/automation/conditions.go:87.12,88.45 1 1
crm-backend/internal/automation/conditions.go:89.13,90.46 1 1
crm-backend/internal/automation/conditions.go:91.18,92.39 1 1
crm-backend/internal/automation/conditions.go:93.22,94.40 1 1
crm-backend/internal/automation/conditions.go:95.12,96.33 1 1
crm-backend/internal/automation/conditions.go:97.16,98.34 1 1
crm-backend/internal/automation/conditions.go:99.18,100.31 1 1
crm-backend/internal/automation/conditions.go:101.22,102.32 1 1
crm-backend/internal/automation/conditions.go:103.21,104.41 1 1
crm-backend/internal/automation/conditions.go:105.19,106.39 1 1
crm-backend/internal/automation/conditions.go:107.10,109.15 2 0
crm-backend/internal/automation/conditions.go:114.34,118.18 3 1
crm-backend/internal/automation/conditions.go:118.18,120.3 1 1
crm-backend/internal/automation/conditions.go:123.2,125.16 3 1
crm-backend/internal/automation/conditions.go:125.16,127.3 1 0
crm-backend/internal/automation/conditions.go:129.2,129.14 1 1
crm-backend/internal/automation/conditions.go:134.35,137.18 3 1
crm-backend/internal/automation/conditions.go:137.18,141.18 3 0
crm-backend/internal/automation/conditions.go:141.18,143.4 1 0
crm-backend/internal/automation/conditions.go:144.3,144.18 1 0
crm-backend/internal/automation/conditions.go:144.18,146.4 1 0
crm-backend/internal/automation/conditions.go:147.3,147.11 1 0
crm-backend/internal/automation/conditions.go:150.2,150.17 1 1
crm-backend/internal/automation/conditions.go:150.17,152.3 1 1
crm-backend/internal/automation/conditions.go:153.2,153.17 1 1
crm-backend/internal/automation/conditions.go:153.17,155.3 1 1
crm-backend/internal/automation/conditions.go:156.2,156.10 1 1
crm-backend/internal/automation/conditions.go:160.45,162.38 1 1
crm-backend/internal/automation/conditions.go:162.38,164.28 2 1
crm-backend/internal/automation/conditions.go:164.28,165.32 1 1
crm-backend/internal/automation/conditions.go:165.32,167.5 1 1
crm-backend/internal/automation/conditions.go:169.3,169.15 1 1
crm-backend/internal/automation/conditions.go:173.2,175.48 3 1
crm-backend/internal/automation/conditions.go:179.39,181.9 2 1
crm-backend/internal/automation/conditions.go:181.9,183.3 1 0
crm-backend/internal/automation/conditions.go:184.2,185.27 2 1
crm-backend/internal/automation/conditions.go:185.27,186.36 1 1
crm-backend/internal/automation/conditions.go:186.36,188.4 1 1
crm-backend/internal/automation/conditions.go:190.2,190.14 1 1
crm-backend/internal/automation/conditions.go:194.37,195.21 1 1
crm-backend/internal/automation/conditions.go:195.21,197.3 1 1
crm-backend/internal/automation/conditions.go:198.2,198.30 1 1
crm-backend/internal/automation/conditions.go:199.14,200.17 1 1
crm-backend/internal/automation/conditions.go:201.13,202.21 1 0
crm-backend/internal/automation/conditions.go:203.22,204.21 1 0
crm-backend/internal/automation/conditions.go:205.15,206.16 1 0
crm-backend/internal/automation/conditions.go:207.11,208.16 1 0
crm-backend/internal/automation/conditions.go:209.13,210.16 1 0
crm-backend/internal/automation/conditions.go:211.12,212.12 1 0
crm-backend/internal/automation/conditions.go:213.10,214.15 1 0
crm-backend/internal/automation/conditions.go:219.47,221.2 1 1
crm-backend/internal/automation/conditions.go:224.45,226.2 1 1
crm-backend/internal/automation/conditions.go:231.39,232.25 1 1
crm-backend/internal/automation/conditions.go:233.15,234.19 1 1
crm-backend/internal/automation/conditions.go:235.15,236.28 1 0
crm-backend/internal/automation/conditions.go:237.11,238.28 1 0
crm-backend/internal/automation/conditions.go:239.13,240.28 1 0
crm-backend/internal/automation/conditions.go:241.13,242.28 1 0
crm-backend/internal/automation/conditions.go:243.14,245.17 2 1
crm-backend/internal/automation/conditions.go:245.17,247.4 1 1
crm-backend/internal/automation/conditions.go:248.3,248.17 1 1
crm-backend/internal/automation/conditions.go:249.10,250.18 1 0
crm-backend/internal/automation/conditions.go:255.29,256.14 1 1
crm-backend/internal/automation/conditions.go:256.14,258.3 1 0
crm-backend/internal/automation/conditions.go:259.2,259.25 1 1
crm-backend/internal/automation/conditions.go:260.14,261.13 1 1
crm-backend/internal/automation/conditions.go:262.15,263.33 1 1
crm-backend/internal/automation/conditions.go:263.33,265.4 1 1
crm-backend/internal/automation/conditions.go:266.3,266.47 1 0
crm-backend/internal/automation/conditions.go:267.15,268.56 1 0
crm-backend/internal/automation/conditions.go:269.11,270.27 1 0
crm-backend/internal/automation/conditions.go:271.13,272.36 1 0
crm-backend/internal/automation/conditions.go:273.12,274.33 1 0
crm-backend/internal/automation/conditions.go:275.10,276.32 1 0
crm-backend/internal/automation/conditions.go:281.35,282.25 1 1
crm-backend/internal/automation/conditions.go:283.13,284.19 1 1
crm-backend/internal/automation/conditions.go:285.16,287.25 2 0
crm-backend/internal/automation/conditions.go:287.25,289.4 1 0
crm-backend/internal/automation/conditions.go:290.3,290.22 1 0
crm-backend/internal/automation/conditions.go:291.10,292.20 1 1
crm-backend/internal/automation/dto.go:136.56,139.23 2 1
crm-backend/internal/automation/dto.go:139.23,141.62 2 1
crm-backend/internal/automation/dto.go:141.62,143.4 1 1
crm-backend/internal/automation/dto.go:146.2,160.3 1 1
crm-backend/internal/automation/dto.go:164.105,169.2 4 1
crm-backend/internal/automation/dto.go:172.58,186.26 2 0
crm-backend/internal/automation/dto.go:186.26,189.3 2 0
crm-backend/internal/automation/dto.go:190.2,190.27 1 0
crm-backend/internal/automation/dto.go:190.27,193.3 2 0
crm-backend/internal/automation/dto.go:194.2,194.13 1 0
crm-backend/internal/automation/dto.go:198.68,212.2 1 0
crm-backend/internal/automation/engine.go:42.80,55.27 3 1
crm-backend/internal/automation/engine.go:55.27,57.3 1 0
crm-backend/internal/automation/engine.go:59.2,59.10 1 1
crm-backend/internal/automation/engine.go:66.38,67.25 1 0
crm-backend/internal/automation/engine.go:67.25,68.12 1 0
crm-backend/internal/automation/engine.go:68.12,70.4 1 0
crm-backend/internal/automation/engine.go:75.63,76.25 1 0
crm-backend/internal/automation/engine.go:76.25,78.3 1 0
crm-backend/internal/automation/engine.go:82.79,84.2 1 0
crm-backend/internal/automation/engine.go:87.26,91.49 2 0
crm-backend/internal/automation/engine.go:91.49,93.3 1 0
crm-backend/internal/automation/engine.go:94.2,94.49 1 0
crm-backend/internal/automation/engine.go:94.49,96.3 1 0
crm-backend/internal/automation/engine.go:97.2,97.50 1 0
crm-backend/internal/automation/engine.go:97.50,99.3 1 0
crm-backend/internal/automation/engine.go:100.2,100.44 1 0
crm-backend/internal/automation/engine.go:100.44,102.3 1 0
crm-backend/internal/automation/engine.go:105.2,105.45 1 0
crm-backend/internal/automation/engine.go:105.45,107.3 1 0
crm-backend/internal/automation/engine.go:110.2,113.33 2 0
crm-backend/internal/automation/engine.go:113.33,116.3 2 0
crm-backend/internal/automation/engine.go:119.2,122.44 3 0
crm-backend/internal/automation/engine.go:126.25,130.24 3 0
crm-backend/internal/automation/engine.go:130.24,132.3 1 0
crm-backend/internal/automation/engine.go:134.2,138.12 3 0
crm-backend/internal/automation/engine.go:138.12,141.3 2 0
crm-backend/internal/automation/engine.go:143.2,143.9 1 0
crm-backend/internal/automation/engine.go:144.14,145.53 1 0
crm-backend/internal/automation/engine.go:146.38,147.81 1 0
crm-backend/internal/automation/engine.go:153.111,154.12 1 0
crm-backend/internal/automation/engine.go:154.12,155.80 1 0
crm-backend/internal/automation/engine.go:155.80,161.4 1 0
crm-backend/internal/automation/engine.go:165.125,167.16 2 0
crm-backend/internal/automation/engine.go:167.16,169.3 1 0
crm-backend/internal/automation/engine.go:171.2,171.31 1 0
crm-backend/internal/automation/engine.go:171.31,174.41 2 0
crm-backend/internal/automation/engine.go:174.41,176.4 1 0
crm-backend/internal/automation/engine.go:177.3,183.17 4 0
crm-backend/internal/automation/engine.go:183.17,185.12 2 0
crm-backend/internal/automation/engine.go:188.3,199.17 3 0
crm-backend/internal/automation/engine.go:199.17,201.12 2 0
crm-backend/internal/automation/engine.go:203.3,203.16 1 0
crm-backend/internal/automation/engine.go:203.16,208.12 2 0
crm-backend/internal/automation/engine.go:212.3,212.10 1 0
crm-backend/internal/automation/engine.go:213.48,213.48 0 0
crm-backend/internal/automation/engine.go:214.11,217.5 1 0
crm-backend/internal/automation/engine.go:221.2,221.12 1 0
crm-backend/internal/automation/engine.go:225.33,229.26 3 0
crm-backend/internal/automation/engine.go:229.26,230.25 1 0
crm-backend/internal/automation/engine.go:230.25,232.4 1 0
crm-backend/internal/automation/engine.go:233.3,233.26 1 0
crm-backend/internal/automation/engine.go:236.2,236.62 1 0
crm-backend/internal/automation/engine.go:239.46,242.15 2 0
crm-backend/internal/automation/engine.go:242.15,243.31 1 0
crm-backend/internal/automation/engine.go:243.31,246.4 2 0
crm-backend/internal/automation/engine.go:249.2,250.16 2 0
crm-backend/internal/automation/engine.go:250.16,254.3 3 0
crm-backend/internal/automation/engine.go:255.2,255.16 1 0
crm-backend/internal/automation/engine.go:255.16,258.3 2 0
crm-backend/internal/automation/engine.go:261.2,261.33 1 0
crm-backend/internal/automation/engine.go:261.33,265.60 4 0
crm-backend/internal/automation/engine.go:265.60,269.4 3 0
crm-backend/internal/automation/engine.go:271.2,275.30 3 0
crm-backend/internal/automation/engine.go:275.30,278.3 2 0
crm-backend/internal/automation/engine.go:281.2,282.62 2 0
crm-backend/internal/automation/engine.go:282.62,285.3 2 0
crm-backend/internal/automation/engine.go:288.2,291.54 2 0
crm-backend/internal/automation/engine.go:291.54,293.69 2 0
crm-backend/internal/automation/engine.go:293.69,294.48 1 0
crm-backend/internal/automation/engine.go:294.48,297.5 2 0
crm-backend/internal/automation/engine.go:302.2,304.55 2 0
crm-backend/internal/automation/engine.go:304.55,305.25 1 0
crm-backend/internal/automation/engine.go:305.25,307.4 1 0
crm-backend/internal/automation/engine.go:309.3,309.22 1 0
crm-backend/internal/automation/engine.go:309.22,310.12 1 0
crm-backend/internal/automation/engine.go:313.3,337.21 10 0
crm-backend/internal/automation/engine.go:337.21,338.50 1 0
crm-backend/internal/automation/engine.go:338.50,350.64 9 0
crm-backend/internal/automation/engine.go:350.64,352.6 1 0
crm-backend/internal/automation/engine.go:354.5,360.11 2 0
crm-backend/internal/automation/engine.go:364.4,372.63 7 0
crm-backend/internal/automation/engine.go:372.63,374.5 1 0
crm-backend/internal/automation/engine.go:376.4,381.10 2 0
crm-backend/internal/automation/engine.go:385.3,385.29 1 0
crm-backend/internal/automation/engine.go:385.29,387.4 1 0
crm-backend/internal/automation/engine.go:388.3,393.33 4 0
crm-backend/internal/automation/engine.go:393.33,395.4 1 0
crm-backend/internal/automation/engine.go:396.3,402.20 5 0
crm-backend/internal/automation/engine.go:402.20,405.4 2 0
crm-backend/internal/automation/engine.go:408.3,408.26 1 0
crm-backend/internal/automation/engine.go:408.26,412.4 3 0
crm-backend/internal/automation/engine.go:415.3,415.62 1 0
crm-backend/internal/automation/engine.go:415.62,418.4 2 0
crm-backend/internal/automation/engine.go:421.2,421.35 1 0
crm-backend/internal/automation/engine.go:421.35,426.3 1 0
crm-backend/internal/automation/engine.go:432.91,434.71 2 0
crm-backend/internal/automation/engine.go:434.71,437.3 2 0
crm-backend/internal/automation/engine.go:438.2,438.59 1 0
crm-backend/internal/automation/engine.go:438.59,441.3 2 0
crm-backend/internal/automation/engine.go:446.2,446.32 1 0
crm-backend/internal/automation/engine.go:446.32,448.3 1 0
crm-backend/internal/automation/engine.go:450.2,450.42 1 0
crm-backend/internal/automation/engine.go:450.42,452.3 1 0
crm-backend/internal/automation/engine.go:453.2,453.12 1 0
crm-backend/internal/automation/engine.go:457.65,463.69 3 1
crm-backend/internal/automation/engine.go:463.69,465.3 1 0
crm-backend/internal/automation/engine.go:467.2,467.60 1 1
crm-backend/internal/automation/engine.go:467.60,469.3 1 1
crm-backend/internal/automation/engine.go:470.2,470.54 1 1
crm-backend/internal/automation/engine.go:470.54,472.3 1 1
crm-backend/internal/automation/engine.go:473.2,473.60 1 1
crm-backend/internal/automation/engine.go:473.60,475.3 1 1
crm-backend/internal/automation/engine.go:476.2,476.52 1 1
crm-backend/internal/automation/engine.go:476.52,478.3 1 1
crm-backend/internal/automation/engine.go:479.2,479.54 1 1
crm-backend/internal/automation/engine.go:479.54,481.3 1 1
crm-backend/internal/automation/engine.go:483.2,483.12 1 1
crm-backend/internal/automation/engine.go:488.55,495.2 6 0
crm-backend/internal/automation/engine.go:499.44,505.2 5 0
crm-backend/internal/automation/engine.go:508.37,510.2 1 0
crm-backend/internal/automation/engine.go:513.45,515.2 1 0
crm-backend/internal/automation/executor.go:15.124,17.9 2 0
crm-backend/internal/automation/executor.go:17.9,19.3 1 0
crm-backend/internal/automation/executor.go:20.2,20.52 1 0
crm-backend/internal/automation/executor.go:24.84,26.9 2 1
crm-backend/internal/automation/executor.go:26.9,28.3 1 1
crm-backend/internal/automation/executor.go:29.2,30.9 2 1
crm-backend/internal/automation/executor.go:30.9,32.3 1 1
crm-backend/internal/automation/executor.go:33.2,33.42 1 1
crm-backend/internal/automation/executor.go:37.91,39.9 2 1
crm-backend/internal/automation/executor.go:39.9,41.3 1 1
crm-backend/internal/automation/executor.go:42.2,42.25 1 1
crm-backend/internal/automation/executor.go:43.13,45.26 2 1
crm-backend/internal/automation/executor.go:45.26,46.34 1 1
crm-backend/internal/automation/executor.go:46.34,48.5 1 1
crm-backend/internal/automation/executor.go:50.3,50.16 1 1
crm-backend/internal/automation/executor.go:51.16,53.23 2 0
crm-backend/internal/automation/executor.go:53.23,55.4 1 0
crm-backend/internal/automation/executor.go:56.3,56.16 1 0
crm-backend/internal/automation/executor.go:57.10,58.13 1 1
crm-backend/internal/automation/executor.go:63.57,65.9 2 1
crm-backend/internal/automation/executor.go:65.9,67.3 1 1
crm-backend/internal/automation/executor.go:68.2,68.25 1 1
crm-backend/internal/automation/executor.go:69.15,70.16 1 1
crm-backend/internal/automation/executor.go:71.11,72.11 1 1
crm-backend/internal/automation/executor.go:73.13,74.16 1 0
crm-backend/internal/automation/executor.go:75.19,77.16 2 0
crm-backend/internal/automation/executor.go:78.10,79.11 1 1
crm-backend/internal/automation/executor.go:84.92,86.9 2 1
crm-backend/internal/automation/executor.go:86.9,88.3 1 1
crm-backend/internal/automation/executor.go:89.2,90.9 2 1
crm-backend/internal/automation/executor.go:90.9,92.3 1 1
crm-backend/internal/automation/executor.go:93.2,94.22 2 1
crm-backend/internal/automation/executor.go:94.22,95.30 1 1
crm-backend/internal/automation/executor.go:95.30,97.4 1 1
crm-backend/internal/automation/executor.go:97.9,99.4 1 1
crm-backend/internal/automation/executor.go:101.2,101.15 1 1
crm-backend/internal/automation/executor_assign.go:18.61,20.2 1 0
crm-backend/internal/automation/executor_assign.go:23.130,25.45 2 0
crm-backend/internal/automation/executor_assign.go:25.45,27.3 1 0
crm-backend/internal/automation/executor_assign.go:29.2,33.18 3 0
crm-backend/internal/automation/executor_assign.go:34.18,36.22 2 0
crm-backend/internal/automation/executor_assign.go:36.22,38.4 1 0
crm-backend/internal/automation/executor_assign.go:39.3,40.17 2 0
crm-backend/internal/automation/executor_assign.go:40.17,42.4 1 0
crm-backend/internal/automation/executor_assign.go:43.3,43.19 1 0
crm-backend/internal/automation/executor_assign.go:45.21,47.21 2 0
crm-backend/internal/automation/executor_assign.go:47.21,49.4 1 0
crm-backend/internal/automation/executor_assign.go:51.3,52.30 2 0
crm-backend/internal/automation/executor_assign.go:52.30,54.18 2 0
crm-backend/internal/automation/executor_assign.go:54.18,55.13 1 0
crm-backend/internal/automation/executor_assign.go:57.4,65.42 5 0
crm-backend/internal/automation/executor_assign.go:65.42,68.5 2 0
crm-backend/internal/automation/executor_assign.go:70.3,70.29 1 0
crm-backend/internal/automation/executor_assign.go:70.29,72.4 1 0
crm-backend/internal/automation/executor_assign.go:74.22,90.51 5 0
crm-backend/internal/automation/executor_assign.go:90.51,99.26 3 0
crm-backend/internal/automation/executor_assign.go:99.26,101.5 1 0
crm-backend/internal/automation/executor_assign.go:102.4,102.23 1 0
crm-backend/internal/automation/executor_assign.go:103.9,105.4 1 0
crm-backend/internal/automation/executor_assign.go:107.10,108.73 1 0
crm-backend/internal/automation/executor_assign.go:112.2,113.16 2 0
crm-backend/internal/automation/executor_assign.go:114.17,115.42 1 0
crm-backend/internal/automation/executor_assign.go:115.42,117.4 1 0
crm-backend/internal/automation/executor_assign.go:118.14,119.39 1 0
crm-backend/internal/automation/executor_assign.go:119.39,121.4 1 0
crm-backend/internal/automation/executor_assign.go:124.2,124.20 1 0
crm-backend/internal/automation/executor_assign.go:124.20,126.3 1 0
crm-backend/internal/automation/executor_assign.go:128.2,129.16 2 0
crm-backend/internal/automation/executor_assign.go:129.16,131.3 1 0
crm-backend/internal/automation/executor_assign.go:134.2,139.16 3 0
crm-backend/internal/automation/executor_assign.go:139.16,141.3 1 0
crm-backend/internal/automation/executor_assign.go:143.2,155.8 2 0
crm-backend/internal/automation/executor_email.go:20.64,25.2 1 0
crm-backend/internal/automation/executor_email.go:36.125,38.14 2 0
crm-backend/internal/automation/executor_email.go:38.14,40.3 1 0
crm-backend/internal/automation/executor_email.go:42.2,48.20 6 0
crm-backend/internal/automation/executor_email.go:48.20,50.3 1 0
crm-backend/internal/automation/executor_email.go:52.2,61.16 3 0
crm-backend/internal/automation/executor_email.go:61.16,63.3 1 0
crm-backend/internal/automation/executor_email.go:65.2,66.16 2 0
crm-backend/internal/automation/executor_email.go:66.16,68.3 1 0
crm-backend/internal/automation/executor_email.go:70.2,75.16 5 0
crm-backend/internal/automation/executor_email.go:75.16,77.3 1 0
crm-backend/internal/automation/executor_email.go:78.2,83.28 4 0
crm-backend/internal/automation/executor_email.go:83.28,85.3 1 0
crm-backend/internal/automation/executor_email.go:86.2,86.28 1 0
crm-backend/internal/automation/executor_email.go:86.28,88.3 1 0
crm-backend/internal/automation/executor_email.go:90.2,99.8 2 0
crm-backend/internal/automation/executor_task.go:19.49,21.2 1 0
crm-backend/internal/automation/executor_task.go:24.124,26.17 2 0
crm-backend/internal/automation/executor_task.go:26.17,28.3 1 0
crm-backend/internal/automation/executor_task.go:30.2,31.20 2 0
crm-backend/internal/automation/executor_task.go:31.20,33.3 1 0
crm-backend/internal/automation/executor_task.go:35.2,40.25 4 0
crm-backend/internal/automation/executor_task.go:40.25,43.22 2 0
crm-backend/internal/automation/executor_task.go:43.22,44.42 1 0
crm-backend/internal/automation/executor_task.go:44.42,45.50 1 0
crm-backend/internal/automation/executor_task.go:45.50,47.6 1 0
crm-backend/internal/automation/executor_task.go:53.2,54.42 2 0
crm-backend/internal/automation/executor_task.go:54.42,55.36 1 0
crm-backend/internal/automation/executor_task.go:55.36,56.49 1 0
crm-backend/internal/automation/executor_task.go:56.49,58.5 1 0
crm-backend/internal/automation/executor_task.go:63.2,64.39 2 0
crm-backend/internal/automation/executor_task.go:64.39,65.36 1 0
crm-backend/internal/automation/executor_task.go:65.36,66.49 1 0
crm-backend/internal/automation/executor_task.go:66.49,68.5 1 0
crm-backend/internal/automation/executor_task.go:72.2,73.19 2 0
crm-backend/internal/automation/executor_task.go:73.19,76.3 2 0
crm-backend/internal/automation/executor_task.go:78.2,87.16 3 0
crm-backend/internal/automation/executor_task.go:87.16,89.3 1 0
crm-backend/internal/automation/executor_task.go:91.2,100.8 2 0
crm-backend/internal/automation/executor_webhook.go:18.44,20.2 1 0
crm-backend/internal/automation/executor_webhook.go:23.127,25.15 2 0
crm-backend/internal/automation/executor_webhook.go:25.15,27.3 1 0
crm-backend/internal/automation/executor_webhook.go:29.2,30.18 2 0
crm-backend/internal/automation/executor_webhook.go:30.18,32.3 1 0
crm-backend/internal/automation/executor_webhook.go:33.2,33.41 1 0
crm-backend/internal/automation/executor_webhook.go:33.41,35.3 1 0
crm-backend/internal/automation/executor_webhook.go:37.2,38.21 2 0
crm-backend/internal/automation/executor_webhook.go:38.21,40.3 1 0
crm-backend/internal/automation/executor_webhook.go:42.2,46.24 4 0
crm-backend/internal/automation/executor_webhook.go:46.24,48.3 1 0
crm-backend/internal/automation/executor_webhook.go:50.2,51.16 2 0
crm-backend/internal/automation/executor_webhook.go:51.16,53.3 1 0
crm-backend/internal/automation/executor_webhook.go:56.2,59.28 2 0
crm-backend/internal/automation/executor_webhook.go:59.28,61.3 1 0
crm-backend/internal/automation/executor_webhook.go:63.2,65.16 3 0
crm-backend/internal/automation/executor_webhook.go:65.16,67.3 1 0
crm-backend/internal/automation/executor_webhook.go:68.2,74.60 4 0
crm-backend/internal/automation/executor_webhook.go:74.60,76.3 1 0
crm-backend/internal/automation/executor_webhook.go:78.2,78.28 1 0
crm-backend/internal/automation/executor_webhook.go:78.28,80.3 1 0
crm-backend/internal/automation/executor_webhook.go:81.2,81.28 1 0
crm-backend/internal/automation/executor_webhook.go:81.28,83.3 1 0
crm-backend/internal/automation/executor_webhook.go:84.2,84.28 1 0
crm-backend/internal/automation/executor_webhook.go:84.28,86.3 1 0
crm-backend/internal/automation/executor_webhook.go:88.2,97.8 2 0
crm-backend/internal/automation/executor_webhook.go:104.40,106.2 1 0
crm-backend/internal/automation/executor_webhook.go:109.125,111.22 2 0
crm-backend/internal/automation/executor_webhook.go:111.22,113.3 1 0
crm-backend/internal/automation/executor_webhook.go:116.2,116.25 1 0
crm-backend/internal/automation/executor_webhook.go:116.25,118.3 1 0
crm-backend/internal/automation/executor_webhook.go:120.2,128.9 4 0
crm-backend/internal/automation/executor_webhook.go:129.17,132.9 1 0
crm-backend/internal/automation/executor_webhook.go:133.20,134.24 1 0
crm-backend/internal/automation/handlers.go:36.76,44.2 1 0
crm-backend/internal/automation/handlers.go:47.131,50.2 3 0
crm-backend/internal/automation/handlers.go:50.2,60.3 9 0
crm-backend/internal/automation/handlers.go:63.2,63.67 1 0
crm-backend/internal/automation/handlers.go:69.50,71.23 2 0
crm-backend/internal/automation/handlers.go:71.23,73.3 1 0
crm-backend/internal/automation/handlers.go:75.2,76.47 2 0
crm-backend/internal/automation/handlers.go:76.47,79.3 2 0
crm-backend/internal/automation/handlers.go:82.2,83.19 2 0
crm-backend/internal/automation/handlers.go:83.19,86.3 2 0
crm-backend/internal/automation/handlers.go:88.2,98.71 2 0
crm-backend/internal/automation/handlers.go:98.71,102.3 3 0
crm-backend/internal/automation/handlers.go:104.2,105.49 2 0
crm-backend/internal/automation/handlers.go:109.49,111.23 2 0
crm-backend/internal/automation/handlers.go:111.23,113.3 1 0
crm-backend/internal/automation/handlers.go:115.2,120.16 5 0
crm-backend/internal/automation/handlers.go:120.16,123.3 2 0
crm-backend/internal/automation/handlers.go:125.2,126.27 2 0
crm-backend/internal/automation/handlers.go:126.27,128.3 1 0
crm-backend/internal/automation/handlers.go:130.2,137.4 1 0
crm-backend/internal/automation/handlers.go:141.47,143.23 2 0
crm-backend/internal/automation/handlers.go:143.23,145.3 1 0
crm-backend/internal/automation/handlers.go:147.2,148.16 2 0
crm-backend/internal/automation/handlers.go:148.16,151.3 2 0
crm-backend/internal/automation/handlers.go:153.2,154.16 2 0
crm-backend/internal/automation/handlers.go:154.16,157.3 2 0
crm-backend/internal/automation/handlers.go:158.2,158.15 1 0
crm-backend/internal/automation/handlers.go:158.15,161.3 2 0
crm-backend/internal/automation/handlers.go:163.2,163.62 1 0
crm-backend/internal/automation/handlers.go:167.50,169.23 2 0
crm-backend/internal/automation/handlers.go:169.23,171.3 1 0
crm-backend/internal/automation/handlers.go:173.2,174.16 2 0
crm-backend/internal/automation/handlers.go:174.16,177.3 2 0
crm-backend/internal/automation/handlers.go:179.2,180.29 2 0
crm-backend/internal/automation/handlers.go:180.29,183.3 2 0
crm-backend/internal/automation/handlers.go:185.2,186.47 2 0
crm-backend/internal/automation/handlers.go:186.47,189.3 2 0
crm-backend/internal/automation/handlers.go:191.2,191.21 1 0
crm-backend/internal/automation/handlers.go:191.21,193.3 1 0
crm-backend/internal/automation/handlers.go:194.2,194.28 1 0
crm-backend/internal/automation/handlers.go:194.28,196.3 1 0
crm-backend/internal/automation/handlers.go:197.2,197.24 1 0
crm-backend/internal/automation/handlers.go:197.24,199.3 1 0
crm-backend/internal/automation/handlers.go:200.2,200.27 1 0
crm-backend/internal/automation/handlers.go:200.27,202.3 1 0
crm-backend/internal/automation/handlers.go:203.2,203.24 1 0
crm-backend/internal/automation/handlers.go:203.24,205.3 1 0
crm-backend/internal/automation/handlers.go:208.2,209.19 2 0
crm-backend/internal/automation/handlers.go:209.19,212.3 2 0
crm-backend/internal/automation/handlers.go:214.2,214.71 1 0
crm-backend/internal/automation/handlers.go:214.71,217.3 2 0
crm-backend/internal/automation/handlers.go:219.2,219.62 1 0
crm-backend/internal/automation/handlers.go:223.50,225.23 2 0
crm-backend/internal/automation/handlers.go:225.23,227.3 1 0
crm-backend/internal/automation/handlers.go:229.2,230.16 2 0
crm-backend/internal/automation/handlers.go:230.16,233.3 2 0
crm-backend/internal/automation/handlers.go:235.2,235.82 1 0
crm-backend/internal/automation/handlers.go:235.82,238.3 2 0
crm-backend/internal/automation/handlers.go:240.2,240.43 1 0
crm-backend/internal/automation/handlers.go:244.50,246.23 2 0
crm-backend/internal/automation/handlers.go:246.23,248.3 1 0
crm-backend/internal/automation/handlers.go:250.2,251.16 2 0
crm-backend/internal/automation/handlers.go:251.16,254.3 2 0
crm-backend/internal/automation/handlers.go:256.2,257.16 2 0
crm-backend/internal/automation/handlers.go:257.16,260.3 2 0
crm-backend/internal/automation/handlers.go:262.2,262.62 1 0
crm-backend/internal/automation/handlers.go:266.43,268.23 2 0
crm-backend/internal/automation/handlers.go:268.23,270.3 1 0
crm-backend/internal/automation/handlers.go:272.2,273.16 2 0
crm-backend/internal/automation/handlers.go:273.16,276.3 2 0
crm-backend/internal/automation/handlers.go:278.2,279.29 2 0
crm-backend/internal/automation/handlers.go:279.29,282.3 2 0
crm-backend/internal/automation/handlers.go:284.2,285.47 2 0
crm-backend/internal/automation/handlers.go:285.47,288.3 2 0
crm-backend/internal/automation/handlers.go:291.2,292.64 2 0
crm-backend/internal/automation/handlers.go:292.64,294.3 1 0
crm-backend/internal/automation/handlers.go:295.2,295.58 1 0
crm-backend/internal/automation/handlers.go:295.58,297.3 1 0
crm-backend/internal/automation/handlers.go:298.2,298.64 1 0
crm-backend/internal/automation/handlers.go:298.64,300.3 1 0
crm-backend/internal/automation/handlers.go:303.2,304.52 2 0
crm-backend/internal/automation/handlers.go:304.52,306.68 2 0
crm-backend/internal/automation/handlers.go:306.68,308.4 1 0
crm-backend/internal/automation/handlers.go:312.2,316.33 4 0
crm-backend/internal/automation/handlers.go:316.33,318.35 2 0
crm-backend/internal/automation/handlers.go:318.35,319.33 1 0
crm-backend/internal/automation/handlers.go:319.33,321.5 1 0
crm-backend/internal/automation/handlers.go:321.10,323.5 1 0
crm-backend/internal/automation/handlers.go:325.3,329.5 1 0
crm-backend/internal/automation/handlers.go:332.2,337.4 1 0
crm-backend/internal/automation/handlers.go:343.44,345.23 2 0
crm-backend/internal/automation/handlers.go:345.23,347.3 1 0
crm-backend/internal/automation/handlers.go:349.2,350.16 2 0
crm-backend/internal/automation/handlers.go:350.16,353.3 2 0
crm-backend/internal/automation/handlers.go:355.2,359.16 4 0
crm-backend/internal/automation/handlers.go:359.16,362.3 2 0
crm-backend/internal/automation/handlers.go:364.2,365.22 2 0
crm-backend/internal/automation/handlers.go:365.22,367.3 1 0
crm-backend/internal/automation/handlers.go:369.2,376.4 1 0
crm-backend/internal/automation/handlers.go:380.48,382.16 2 0
crm-backend/internal/automation/handlers.go:382.16,385.3 2 0
crm-backend/internal/automation/handlers.go:387.2,388.30 2 0
crm-backend/internal/automation/handlers.go:388.30,391.3 2 0
crm-backend/internal/automation/handlers.go:393.2,395.22 3 0
crm-backend/internal/automation/handlers.go:395.22,397.3 1 0
crm-backend/internal/automation/handlers.go:399.2,404.4 1 0
crm-backend/internal/automation/handlers.go:410.50,414.32 3 0
crm-backend/internal/automation/handlers.go:414.32,419.3 2 0
crm-backend/internal/automation/handlers.go:422.2,422.36 1 0
crm-backend/internal/automation/handlers.go:422.36,427.3 2 0
crm-backend/internal/automation/handlers.go:430.2,431.16 2 0
crm-backend/internal/automation/handlers.go:431.16,436.3 2 0
crm-backend/internal/automation/handlers.go:439.2,440.14 2 0
crm-backend/internal/automation/handlers.go:440.14,442.22 2 0
crm-backend/internal/automation/handlers.go:442.22,447.4 2 0
crm-backend/internal/automation/handlers.go:449.3,450.58 2 0
crm-backend/internal/automation/handlers.go:450.58,455.4 2 0
crm-backend/internal/automation/handlers.go:459.2,460.60 2 0
crm-backend/internal/automation/handlers.go:460.60,465.3 2 0
crm-backend/internal/automation/handlers.go:468.2,469.24 2 0
crm-backend/internal/automation/handlers.go:469.24,474.3 2 0
crm-backend/internal/automation/handlers.go:477.2,483.32 4 0
crm-backend/internal/automation/handlers.go:483.32,485.35 2 0
crm-backend/internal/automation/handlers.go:485.35,486.17 1 0
crm-backend/internal/automation/handlers.go:486.17,489.10 3 0
crm-backend/internal/automation/handlers.go:492.3,492.31 1 0
crm-backend/internal/automation/handlers.go:492.31,494.4 1 0
crm-backend/internal/automation/handlers.go:496.2,496.27 1 0
crm-backend/internal/automation/handlers.go:496.27,498.3 1 0
crm-backend/internal/automation/handlers.go:501.2,510.50 5 0
crm-backend/internal/automation/handlers.go:510.50,514.46 3 0
crm-backend/internal/automation/handlers.go:514.46,516.4 1 0
crm-backend/internal/automation/handlers.go:517.3,517.45 1 0
crm-backend/internal/automation/handlers.go:517.45,519.4 1 0
crm-backend/internal/automation/handlers.go:520.3,520.41 1 0
crm-backend/internal/automation/handlers.go:520.41,522.4 1 0
crm-backend/internal/automation/handlers.go:523.3,523.49 1 0
crm-backend/internal/automation/handlers.go:523.49,526.4 2 0
crm-backend/internal/automation/handlers.go:527.3,527.23 1 0
crm-backend/internal/automation/handlers.go:527.23,529.4 1 0
crm-backend/internal/automation/handlers.go:530.3,530.36 1 0
crm-backend/internal/automation/handlers.go:531.8,535.55 3 0
crm-backend/internal/automation/handlers.go:535.55,537.4 1 0
crm-backend/internal/automation/handlers.go:538.3,539.54 2 0
crm-backend/internal/automation/handlers.go:539.54,541.4 1 0
crm-backend/internal/automation/handlers.go:543.3,551.36 3 0
crm-backend/internal/automation/handlers.go:555.2,567.32 2 0
crm-backend/internal/automation/handlers.go:567.32,569.3 1 0
crm-backend/internal/automation/handlers.go:571.2,576.4 2 0
crm-backend/internal/automation/handlers.go:581.69,583.13 2 0
crm-backend/internal/automation/handlers.go:583.13,586.3 2 0
crm-backend/internal/automation/handlers.go:587.2,588.9 2 0
crm-backend/internal/automation/handlers.go:588.9,591.3 2 0
crm-backend/internal/automation/handlers.go:593.2,596.22 3 0
crm-backend/internal/automation/handlers.go:599.110,607.2 1 0
crm-backend/internal/automation/handlers.go:609.56,613.2 3 0
crm-backend/internal/automation/handlers.go:616.39,620.2 3 0
crm-backend/internal/automation/handlers.go:634.36,638.2 1 1
crm-backend/internal/automation/handlers.go:640.47,645.50 4 1
crm-backend/internal/automation/handlers.go:645.50,648.3 2 1
crm-backend/internal/automation/handlers.go:650.2,650.19 1 1
crm-backend/internal/automation/handlers.go:650.19,652.3 1 1
crm-backend/internal/automation/handlers.go:654.2,655.13 2 1
crm-backend/internal/automation/models.go:28.36,28.69 1 0
crm-backend/internal/automation/models.go:41.43,41.84 1 0
crm-backend/internal/automation/models.go:64.39,64.76 1 0
crm-backend/internal/automation/models.go:81.45,81.89 1 0
crm-backend/internal/automation/models.go:91.44,91.87 1 0
crm-backend/internal/automation/models.go:123.39,125.2 1 1
crm-backend/internal/automation/models.go:183.41,185.2 1 1
crm-backend/internal/automation/models.go:187.41,189.2 1 1
crm-backend/internal/automation/models.go:192.51,194.2 1 1
crm-backend/internal/automation/models.go:197.34,199.16 2 1
crm-backend/internal/automation/models.go:199.16,201.3 1 1
crm-backend/internal/automation/models.go:203.2,203.26 1 1
crm-backend/internal/automation/models.go:203.26,204.39 1 1
crm-backend/internal/automation/models.go:204.39,206.4 1 1
crm-backend/internal/automation/models.go:207.3,207.59 1 1
crm-backend/internal/automation/models.go:207.59,209.4 1 0
crm-backend/internal/automation/models.go:209.9,210.9 1 1
crm-backend/internal/automation/models.go:213.2,214.14 2 1
crm-backend/internal/automation/models.go:219.41,220.17 1 1
crm-backend/internal/automation/models.go:221.9,222.26 1 1
crm-backend/internal/automation/models.go:223.9,224.25 1 1
crm-backend/internal/automation/models.go:225.9,226.26 1 1
crm-backend/internal/automation/models.go:227.10,228.26 1 1
crm-backend/internal/automation/recovery.go:14.108,17.16 2 0
crm-backend/internal/automation/recovery.go:17.16,19.3 1 0
crm-backend/internal/automation/recovery.go:19.8,20.30 1 0
crm-backend/internal/automation/recovery.go:20.30,24.61 4 0
crm-backend/internal/automation/recovery.go:24.61,29.13 2 0
crm-backend/internal/automation/recovery.go:31.4,34.5 1 0
crm-backend/internal/automation/recovery.go:39.2,40.16 2 0
crm-backend/internal/automation/recovery.go:40.16,43.3 2 0
crm-backend/internal/automation/recovery.go:45.2,46.34 2 0
crm-backend/internal/automation/recovery.go:46.34,48.10 1 0
crm-backend/internal/automation/recovery.go:49.46,50.19 1 0
crm-backend/internal/automation/recovery.go:51.21,53.10 2 0
crm-backend/internal/automation/recovery.go:57.2,57.47 1 0
crm-backend/internal/automation/recovery.go:57.47,62.3 1 0
crm-backend/internal/automation/repository.go:23.45,25.2 1 1
crm-backend/internal/automation/repository.go:28.42,35.16 1 0
crm-backend/internal/automation/repository.go:35.16,37.3 1 0
crm-backend/internal/automation/repository.go:40.2,45.12 5 0
crm-backend/internal/automation/repository.go:51.78,52.67 1 0
crm-backend/internal/automation/repository.go:52.67,53.24 1 0
crm-backend/internal/automation/repository.go:53.24,55.4 1 0
crm-backend/internal/automation/repository.go:56.3,57.45 2 0
crm-backend/internal/automation/repository.go:57.45,59.4 1 0
crm-backend/internal/automation/repository.go:61.3,70.31 2 0
crm-backend/internal/automation/repository.go:75.78,76.67 1 0
crm-backend/internal/automation/repository.go:76.67,78.43 2 0
crm-backend/internal/automation/repository.go:78.43,80.4 1 0
crm-backend/internal/automation/repository.go:81.3,90.31 2 0
crm-backend/internal/automation/repository.go:95.99,100.16 3 0
crm-backend/internal/automation/repository.go:100.16,101.45 1 0
crm-backend/internal/automation/repository.go:101.45,103.4 1 0
crm-backend/internal/automation/repository.go:104.3,104.18 1 0
crm-backend/internal/automation/repository.go:106.2,106.17 1 0
crm-backend/internal/automation/repository.go:117.145,120.16 2 0
crm-backend/internal/automation/repository.go:120.16,122.3 1 0
crm-backend/internal/automation/repository.go:123.2,124.55 2 0
crm-backend/internal/automation/repository.go:124.55,126.3 1 0
crm-backend/internal/automation/repository.go:128.2,128.14 1 0
crm-backend/internal/automation/repository.go:128.14,130.3 1 0
crm-backend/internal/automation/repository.go:131.2,131.28 1 0
crm-backend/internal/automation/repository.go:131.28,133.3 1 0
crm-backend/internal/automation/repository.go:134.2,138.16 3 0
crm-backend/internal/automation/repository.go:138.16,140.3 1 0
crm-backend/internal/automation/repository.go:142.2,160.28 4 0
crm-backend/internal/automation/repository.go:164.89,165.67 1 0
crm-backend/internal/automation/repository.go:165.67,169.49 1 0
crm-backend/internal/automation/repository.go:169.49,171.4 1 0
crm-backend/internal/automation/repository.go:172.3,173.29 1 0
crm-backend/internal/automation/repository.go:178.98,180.67 2 0
crm-backend/internal/automation/repository.go:180.67,181.87 1 0
crm-backend/internal/automation/repository.go:181.87,183.4 1 0
crm-backend/internal/automation/repository.go:184.3,185.28 2 0
crm-backend/internal/automation/repository.go:187.2,187.16 1 0
crm-backend/internal/automation/repository.go:187.16,189.3 1 0
crm-backend/internal/automation/repository.go:190.2,190.17 1 0
crm-backend/internal/automation/repository.go:194.123,199.16 3 0
crm-backend/internal/automation/repository.go:199.16,200.45 1 0
crm-backend/internal/automation/repository.go:200.45,202.4 1 0
crm-backend/internal/automation/repository.go:203.3,203.18 1 0
crm-backend/internal/automation/repository.go:205.2,205.18 1 0
crm-backend/internal/automation/repository.go:209.128,215.2 3 0
crm-backend/internal/automation/repository.go:220.85,221.24 1 0
crm-backend/internal/automation/repository.go:221.24,223.3 1 0
crm-backend/internal/automation/repository.go:224.2,225.16 2 0
crm-backend/internal/automation/repository.go:225.16,227.72 1 0
crm-backend/internal/automation/repository.go:227.72,229.4 1 0
crm-backend/internal/automation/repository.go:230.3,230.20 1 0
crm-backend/internal/automation/repository.go:232.2,232.18 1 0
crm-backend/internal/automation/repository.go:236.109,241.16 3 0
crm-backend/internal/automation/repository.go:241.16,243.3 1 0
crm-backend/internal/automation/repository.go:244.2,244.24 1 0
crm-backend/internal/automation/repository.go:244.24,246.3 1 0
crm-backend/internal/automation/repository.go:247.2,247.18 1 0
crm-backend/internal/automation/repository.go:252.92,253.15 1 1
crm-backend/internal/automation/repository.go:253.15,255.3 1 1
crm-backend/internal/automation/repository.go:256.2,256.44 1 0
crm-backend/internal/automation/repository.go:262.87,263.67 1 0
crm-backend/internal/automation/repository.go:263.67,265.3 1 0
crm-backend/internal/automation/repository.go:269.130,270.14 1 0
crm-backend/internal/automation/repository.go:270.14,272.3 1 0
crm-backend/internal/automation/repository.go:273.2,273.28 1 0
crm-backend/internal/automation/repository.go:273.28,275.3 1 0
crm-backend/internal/automation/repository.go:276.2,289.25 6 0
crm-backend/internal/automation/repository.go:293.93,298.16 3 0
crm-backend/internal/automation/repository.go:298.16,299.45 1 0
crm-backend/internal/automation/repository.go:299.45,301.4 1 0
crm-backend/internal/automation/repository.go:302.3,302.18 1 0
crm-backend/internal/automation/repository.go:304.2,304.18 1 0
crm-backend/internal/automation/repository.go:308.92,316.2 3 0
crm-backend/internal/automation/repository.go:319.81,325.2 3 0
crm-backend/internal/automation/repository.go:328.77,336.2 3 0
crm-backend/internal/automation/repository.go:342.104,343.15 1 1
crm-backend/internal/automation/repository.go:343.15,345.3 1 1
crm-backend/internal/automation/repository.go:346.2,346.24 1 0
crm-backend/internal/automation/repository.go:346.24,348.3 1 0
crm-backend/internal/automation/repository.go:349.2,349.46 1 0
crm-backend/internal/automation/repository.go:355.99,356.24 1 0
crm-backend/internal/automation/repository.go:356.24,358.3 1 0
crm-backend/internal/automation/repository.go:359.2,359.67 1 0
crm-backend/internal/automation/repository.go:359.67,361.3 1 0
crm-backend/internal/automation/repository.go:366.104,367.15 1 1
crm-backend/internal/automation/repository.go:367.15,369.3 1 1
crm-backend/internal/automation/repository.go:370.2,370.44 1 0
crm-backend/internal/automation/repository.go:374.110,381.2 3 0
crm-backend/internal/automation/repository.go:386.96,389.16 3 0
crm-backend/internal/automation/repository.go:389.16,390.45 1 0
crm-backend/internal/automation/repository.go:390.45,392.4 1 0
crm-backend/internal/automation/repository.go:393.3,393.18 1 0
crm-backend/internal/automation/repository.go:395.2,395.16 1 0
crm-backend/internal/automation/repository.go:399.85,401.2 1 0
crm-backend/internal/automation/repository.go:404.60,406.2 1 0
crm-backend/internal/automation/repository.go:409.36,411.2 1 0
crm-backend/internal/automation/repository.go:416.63,418.33 2 1
crm-backend/internal/automation/repository.go:418.33,420.3 1 1
crm-backend/internal/automation/repository.go:421.2,422.71 2 1
crm-backend/internal/automation/repository.go:422.71,424.3 1 0
crm-backend/internal/automation/repository.go:425.2,425.30 1 1
crm-backend/internal/automation/repository.go:425.30,427.3 1 1
crm-backend/internal/automation/repository.go:428.2,428.15 1 1
crm-backend/internal/automation/repository.go:432.57,434.2 1 1
crm-backend/internal/automation/repository.go:437.42,438.16 1 0
crm-backend/internal/automation/repository.go:438.16,440.3 1 0
crm-backend/internal/automation/repository.go:442.2,444.39 1 0
crm-backend/internal/automation/repository.go:447.44,449.2 1 1
crm-backend/internal/automation/repository.go:451.45,452.43 1 1
crm-backend/internal/automation/repository.go:452.43,453.35 1 1
crm-backend/internal/automation/repository.go:453.35,455.4 1 1
crm-backend/internal/automation/repository.go:457.2,457.14 1 1
crm-backend/internal/automation/scheduler.go:22.98,30.2 1 0
crm-backend/internal/automation/scheduler.go:33.29,42.2 4 0
crm-backend/internal/automation/scheduler.go:45.28,46.19 1 0
crm-backend/internal/automation/scheduler.go:46.19,49.3 2 0
crm-backend/internal/automation/scheduler.go:54.42,60.19 4 0
crm-backend/internal/automation/scheduler.go:60.19,62.3 1 0
crm-backend/internal/automation/scheduler.go:63.2,70.16 4 0
crm-backend/internal/automation/scheduler.go:70.16,73.3 2 0
crm-backend/internal/automation/scheduler.go:75.2,75.31 1 0
crm-backend/internal/automation/scheduler.go:75.31,77.62 2 0
crm-backend/internal/automation/scheduler.go:77.62,79.12 2 0
crm-backend/internal/automation/scheduler.go:82.3,83.10 2 0
crm-backend/internal/automation/scheduler.go:83.10,84.12 1 0
crm-backend/internal/automation/scheduler.go:86.3,87.10 2 0
crm-backend/internal/automation/scheduler.go:87.10,88.12 1 0
crm-backend/internal/automation/scheduler.go:91.3,92.10 2 0
crm-backend/internal/automation/scheduler.go:92.10,93.12 1 0
crm-backend/internal/automation/scheduler.go:95.3,96.55 2 0
crm-backend/internal/automation/scheduler.go:96.55,97.12 1 0
crm-backend/internal/automation/scheduler.go:101.3,126.17 5 0
crm-backend/internal/automation/scheduler.go:126.17,128.12 2 0
crm-backend/internal/automation/scheduler.go:131.3,131.32 1 0
crm-backend/internal/automation/scheduler.go:131.32,145.4 2 0
crm-backend/internal/automation/scheduler.go:147.3,147.24 1 0
crm-backend/internal/automation/scheduler.go:147.24,154.4 1 0
crm-backend/internal/automation/scheduler.go:160.36,164.16 3 0
crm-backend/internal/automation/scheduler.go:164.16,167.3 2 0
crm-backend/internal/automation/scheduler.go:169.2,169.25 1 0
crm-backend/internal/automation/scheduler.go:169.25,170.10 1 0
crm-backend/internal/automation/scheduler.go:171.51,171.51 0 0
crm-backend/internal/automation/scheduler.go:172.11,175.5 1 0
crm-backend/internal/automation/scheduler.go:179.2,179.18 1 0
crm-backend/internal/automation/scheduler.go:179.18,181.3 1 0
crm-backend/internal/automation/template.go:21.67,25.84 3 1
crm-backend/internal/automation/template.go:25.84,28.21 2 1
crm-backend/internal/automation/template.go:28.21,30.4 1 0
crm-backend/internal/automation/template.go:31.3,33.13 3 1
crm-backend/internal/automation/template.go:37.2,37.82 1 1
crm-backend/internal/automation/template.go:37.82,39.22 2 1
crm-backend/internal/automation/template.go:39.22,41.4 1 0
crm-backend/internal/automation/template.go:42.3,44.17 3 1
crm-backend/internal/automation/template.go:44.17,47.4 2 1
crm-backend/internal/automation/template.go:48.3,48.26 1 1
crm-backend/internal/automation/template.go:52.2,52.44 1 1
crm-backend/internal/automation/template.go:52.44,54.3 1 1
crm-backend/internal/automation/template.go:56.2,56.15 1 1
crm-backend/internal/automation/template.go:61.52,63.21 2 1
crm-backend/internal/automation/template.go:63.21,65.3 1 0
crm-backend/internal/automation/template.go:67.2,70.14 3 1
crm-backend/internal/automation/template.go:71.17,72.21 1 1
crm-backend/internal/automation/template.go:73.14,74.18 1 1
crm-backend/internal/automation/template.go:75.17,76.21 1 1
crm-backend/internal/automation/template.go:77.13,78.17 1 1
crm-backend/internal/automation/template.go:79.14,80.18 1 0
crm-backend/internal/automation/template.go:81.17,82.21 1 1
crm-backend/internal/automation/template.go:83.10,84.13 1 1
crm-backend/internal/automation/template.go:87.2,87.17 1 1
crm-backend/internal/automation/template.go:87.17,89.3 1 1
crm-backend/internal/automation/template.go:91.2,91.21 1 1
crm-backend/internal/automation/template.go:91.21,93.3 1 0
crm-backend/internal/automation/template.go:95.2,95.42 1 1
crm-backend/internal/automation/template.go:99.51,103.29 3 1
crm-backend/internal/automation/template.go:103.29,104.21 1 1
crm-backend/internal/automation/template.go:104.21,106.4 1 0
crm-backend/internal/automation/template.go:108.3,108.30 1 1
crm-backend/internal/automation/template.go:109.23,111.11 2 1
crm-backend/internal/automation/template.go:111.11,113.5 1 1
crm-backend/internal/automation/template.go:114.4,114.17 1 1
crm-backend/internal/automation/template.go:115.26,117.11 2 0
crm-backend/internal/automation/template.go:117.11,119.5 1 0
crm-backend/internal/automation/template.go:120.4,120.17 1 0
crm-backend/internal/automation/template.go:121.14,123.46 2 1
crm-backend/internal/automation/template.go:123.46,125.5 1 1
crm-backend/internal/automation/template.go:126.4,126.20 1 1
crm-backend/internal/automation/template.go:127.11,128.14 1 0
crm-backend/internal/automation/template.go:132.2,132.16 1 1
crm-backend/internal/automation/template.go:136.34,137.16 1 1
crm-backend/internal/automation/template.go:137.16,139.3 1 0
crm-backend/internal/automation/template.go:140.2,140.25 1 1
crm-backend/internal/automation/template.go:141.14,142.11 1 1
crm-backend/internal/automation/template.go:143.15,146.29 1 1
crm-backend/internal/automation/template.go:146.29,148.4 1 1
crm-backend/internal/automation/template.go:149.3,149.45 1 1
crm-backend/internal/automation/template.go:150.15,151.54 1 0
crm-backend/internal/automation/template.go:152.11,153.25 1 0
crm-backend/internal/automation/template.go:154.13,155.34 1 1
crm-backend/internal/automation/template.go:156.12,157.31 1 1
crm-backend/internal/automation/template.go:158.10,159.30 1 0
crm-backend/internal/automation/validator.go:23.97,30.90 3 1
crm-backend/internal/automation/validator.go:30.90,32.3 1 1
crm-backend/internal/automation/validator.go:35.2,37.15 2 1
crm-backend/internal/automation/validator.go:40.61,41.20 1 1
crm-backend/internal/automation/validator.go:41.20,48.3 3 1
crm-backend/internal/automation/validator.go:50.2,51.55 2 1
crm-backend/internal/automation/validator.go:51.55,58.3 3 1
crm-backend/internal/automation/validator.go:60.2,60.38 1 1
crm-backend/internal/automation/validator.go:60.38,66.3 2 1
crm-backend/internal/automation/validator.go:69.2,69.22 1 1
crm-backend/internal/automation/validator.go:70.31,71.28 1 1
crm-backend/internal/automation/validator.go:71.28,77.4 2 1
crm-backend/internal/automation/validator.go:77.9,77.54 1 1
crm-backend/internal/automation/validator.go:77.54,83.4 2 1
crm-backend/internal/automation/validator.go:84.29,85.28 1 1
crm-backend/internal/automation/validator.go:85.28,91.4 2 1
crm-backend/internal/automation/validator.go:91.9,92.44 1 1
crm-backend/internal/automation/validator.go:92.44,98.5 2 1
crm-backend/internal/automation/validator.go:99.4,99.50 1 1
crm-backend/internal/automation/validator.go:99.50,100.70 1 1
crm-backend/internal/automation/validator.go:100.70,106.6 2 1
crm-backend/internal/automation/validator.go:107.10,113.5 2 1
crm-backend/internal/automation/validator.go:118.64,120.53 2 1
crm-backend/internal/automation/validator.go:120.53,127.3 3 1
crm-backend/internal/automation/validator.go:130.2,130.50 1 1
crm-backend/internal/automation/validator.go:130.50,136.3 2 1
crm-backend/internal/automation/validator.go:139.2,139.59 1 1
crm-backend/internal/automation/validator.go:142.50,143.20 1 1
crm-backend/internal/automation/validator.go:143.20,145.3 1 0
crm-backend/internal/automation/validator.go:146.2,147.35 2 1
crm-backend/internal/automation/validator.go:147.35,148.21 1 1
crm-backend/internal/automation/validator.go:148.21,151.34 3 1
crm-backend/internal/automation/validator.go:151.34,153.5 1 1
crm-backend/internal/automation/validator.go:156.2,156.26 1 1
crm-backend/internal/automation/validator.go:159.91,160.29 1 1
crm-backend/internal/automation/validator.go:160.29,162.21 2 1
crm-backend/internal/automation/validator.go:162.21,163.43 1 1
crm-backend/internal/automation/validator.go:163.43,169.5 2 0
crm-backend/internal/automation/validator.go:170.4,170.56 1 1
crm-backend/internal/automation/validator.go:171.9,172.24 1 1
crm-backend/internal/automation/validator.go:172.24,178.5 2 1
crm-backend/internal/automation/validator.go:179.4,179.61 1 1
crm-backend/internal/automation/validator.go:179.61,185.5 2 0
crm-backend/internal/automation/validator.go:190.61,191.20 1 1
crm-backend/internal/automation/validator.go:191.20,198.3 3 1
crm-backend/internal/automation/validator.go:200.2,201.55 2 1
crm-backend/internal/automation/validator.go:201.55,208.3 3 1
crm-backend/internal/automation/validator.go:210.2,210.23 1 1
crm-backend/internal/automation/validator.go:210.23,217.3 3 1
crm-backend/internal/automation/validator.go:220.2,221.33 2 1
crm-backend/internal/automation/validator.go:221.33,224.22 2 1
crm-backend/internal/automation/validator.go:224.22,230.4 2 1
crm-backend/internal/automation/validator.go:230.9,230.30 1 1
crm-backend/internal/automation/validator.go:230.30,236.4 2 1
crm-backend/internal/automation/validator.go:236.9,238.4 1 1
crm-backend/internal/automation/validator.go:240.3,240.37 1 1
crm-backend/internal/automation/validator.go:240.37,246.4 2 1
crm-backend/internal/automation/validator.go:249.3,249.51 1 1
crm-backend/internal/automation/validator.go:253.85,254.21 1 1
crm-backend/internal/automation/validator.go:255.23,256.40 1 1
crm-backend/internal/automation/validator.go:256.40,262.4 2 1
crm-backend/internal/automation/validator.go:263.24,264.43 1 1
crm-backend/internal/automation/validator.go:264.43,270.4 2 1
crm-backend/internal/automation/validator.go:271.24,272.44 1 1
crm-backend/internal/automation/validator.go:272.44,278.4 2 1
crm-backend/internal/automation/validator.go:279.3,279.53 1 1
crm-backend/internal/automation/validator.go:279.53,285.4 2 1
crm-backend/internal/automation/validator.go:285.9,288.37 3 1
crm-backend/internal/automation/validator.go:288.37,294.5 2 1
crm-backend/internal/automation/validator.go:295.4,295.33 1 1
crm-backend/internal/automation/validator.go:295.33,296.55 1 1
crm-backend/internal/automation/validator.go:296.55,302.6 2 1
crm-backend/internal/automation/validator.go:305.25,306.41 1 1
crm-backend/internal/automation/validator.go:306.41,312.4 2 1
crm-backend/internal/automation/validator.go:313.19,314.50 1 1
crm-backend/internal/automation/validator.go:314.50,320.4 2 1
crm-backend/internal/automation/validator.go:324.2,324.38 1 1
crm-backend/internal/automation/validator.go:324.38,325.34 1 1
crm-backend/internal/automation/validator.go:325.34,327.34 2 1
crm-backend/internal/automation/validator.go:327.34,328.24 1 1
crm-backend/internal/automation/validator.go:328.24,336.30 5 1
crm-backend/internal/automation/validator.go:336.30,341.7 1 1
crm-backend/internal/automation/validator.go:348.37,350.35 2 1
crm-backend/internal/automation/validator.go:350.35,352.3 1 1
crm-backend/internal/automation/validator.go:353.2,353.34 1 1
